"F:/Unreal_Project/PuzzlePlatforms/Content/Mannequin/Character/Mesh/UE4_Mannequin_Skeleton.uasset" 0
"F:/Unreal_Project/PuzzlePlatforms/Content/Mannequin/Character/Mesh/UE4_Mannequin_Skeleton.uexp" 1
"F:/Unreal_Project/PuzzlePlatforms/Content/Mannequin/Animations/ThirdPersonJump_End.uasset" 2
"F:/Unreal_Project/PuzzlePlatforms/Content/Mannequin/Animations/ThirdPersonJump_End.uexp" 3
"F:/Unreal_Project/PuzzlePlatforms/Content/Mannequin/Character/Mesh/SK_Mannequin_Female_PhysicsAsset.uasset" 4
"F:/Unreal_Project/PuzzlePlatforms/Content/Mannequin/Character/Mesh/SK_Mannequin_Female_PhysicsAsset.uexp" 5
"F:/Unreal_Project/PuzzlePlatforms/Content/Mannequin/Character/Textures/T_UE4Logo_N.uasset" 6
"F:/Unreal_Project/PuzzlePlatforms/Content/Mannequin/Character/Textures/T_UE4Logo_N.uexp" 7
"F:/Unreal_Project/PuzzlePlatforms/Content/Mannequin/Character/Textures/T_UE4Logo_N.ubulk" 8
"F:/Unreal_Project/PuzzlePlatforms/Content/Mannequin/Character/Textures/T_UE4Logo_Mask.uasset" 9
"F:/Unreal_Project/PuzzlePlatforms/Content/Mannequin/Character/Textures/T_UE4Logo_Mask.uexp" 10
"F:/Unreal_Project/PuzzlePlatforms/Content/Mannequin/Character/Textures/T_UE4Logo_Mask.ubulk" 11
"F:/Unreal_Project/PuzzlePlatforms/Content/Mannequin/Character/Textures/T_Male_N.uasset" 12
"F:/Unreal_Project/PuzzlePlatforms/Content/Mannequin/Character/Textures/T_Male_N.uexp" 13
"F:/Unreal_Project/PuzzlePlatforms/Content/Mannequin/Character/Textures/T_Male_N.ubulk" 14
"F:/Unreal_Project/PuzzlePlatforms/Content/Mannequin/Character/Textures/T_Male_Mask.uasset" 15
"F:/Unreal_Project/PuzzlePlatforms/Content/Mannequin/Character/Textures/T_Male_Mask.uexp" 16
"F:/Unreal_Project/PuzzlePlatforms/Content/Mannequin/Character/Textures/T_Male_Mask.ubulk" 17
"F:/Unreal_Project/PuzzlePlatforms/Content/Mannequin/Character/Materials/MaterialLayers/T_ML_Rubber_Blue_01_N.uasset" 18
"F:/Unreal_Project/PuzzlePlatforms/Content/Mannequin/Character/Materials/MaterialLayers/T_ML_Rubber_Blue_01_N.uexp" 19
"F:/Unreal_Project/PuzzlePlatforms/Content/Mannequin/Character/Materials/MaterialLayers/T_ML_Rubber_Blue_01_N.ubulk" 20
"F:/Unreal_Project/PuzzlePlatforms/Content/Mannequin/Character/Materials/MaterialLayers/T_ML_Rubber_Blue_01_D.uasset" 21
"F:/Unreal_Project/PuzzlePlatforms/Content/Mannequin/Character/Materials/MaterialLayers/T_ML_Rubber_Blue_01_D.uexp" 22
"F:/Unreal_Project/PuzzlePlatforms/Content/Mannequin/Character/Materials/MaterialLayers/T_ML_Rubber_Blue_01_D.ubulk" 23
"F:/Unreal_Project/PuzzlePlatforms/Content/Mannequin/Character/Materials/MaterialLayers/T_ML_Aluminum01_N.uasset" 24
"F:/Unreal_Project/PuzzlePlatforms/Content/Mannequin/Character/Materials/MaterialLayers/T_ML_Aluminum01_N.uexp" 25
"F:/Unreal_Project/PuzzlePlatforms/Content/Mannequin/Character/Materials/MaterialLayers/T_ML_Aluminum01_N.ubulk" 26
"F:/Unreal_Project/PuzzlePlatforms/Content/Mannequin/Character/Materials/MaterialLayers/T_ML_Aluminum01.uasset" 27
"F:/Unreal_Project/PuzzlePlatforms/Content/Mannequin/Character/Materials/MaterialLayers/T_ML_Aluminum01.uexp" 28
"F:/Unreal_Project/PuzzlePlatforms/Content/Mannequin/Character/Materials/MaterialLayers/T_ML_Aluminum01.ubulk" 29
"F:/Unreal_Project/PuzzlePlatforms/Content/Mannequin/Character/Materials/MaterialLayers/ML_SoftMetal_UE4.uasset" 30
"F:/Unreal_Project/PuzzlePlatforms/Content/Mannequin/Character/Materials/MaterialLayers/ML_SoftMetal_UE4.uexp" 31
"F:/Unreal_Project/PuzzlePlatforms/Content/Mannequin/Character/Materials/MaterialLayers/ML_Plastic_Shiny_Beige_LOGO.uasset" 32
"F:/Unreal_Project/PuzzlePlatforms/Content/Mannequin/Character/Materials/MaterialLayers/ML_Plastic_Shiny_Beige_LOGO.uexp" 33
"F:/Unreal_Project/PuzzlePlatforms/Content/Mannequin/Character/Materials/MaterialLayers/ML_Plastic_Shiny_Beige.uasset" 34
"F:/Unreal_Project/PuzzlePlatforms/Content/Mannequin/Character/Materials/MaterialLayers/ML_Plastic_Shiny_Beige.uexp" 35
"F:/Unreal_Project/PuzzlePlatforms/Content/Mannequin/Character/Materials/MaterialLayers/ML_GlossyBlack_Latex_UE4.uasset" 36
"F:/Unreal_Project/PuzzlePlatforms/Content/Mannequin/Character/Materials/MaterialLayers/ML_GlossyBlack_Latex_UE4.uexp" 37
"../../../Engine/Content/Functions/MaterialLayerFunctions/MatLayerBlend_Simple.uasset" 38
"../../../Engine/Content/Functions/MaterialLayerFunctions/MatLayerBlend_Simple.uexp" 39
"../../../Engine/Content/Functions/Engine_MaterialFunctions02/Utility/BlendAngleCorrectedNormals.uasset" 40
"../../../Engine/Content/Functions/Engine_MaterialFunctions02/Utility/BlendAngleCorrectedNormals.uexp" 41
"../../../Engine/Content/Functions/MaterialLayerFunctions/MatLayerBlend_NormalBlend.uasset" 42
"../../../Engine/Content/Functions/MaterialLayerFunctions/MatLayerBlend_NormalBlend.uexp" 43
"F:/Unreal_Project/PuzzlePlatforms/Content/Mannequin/Character/Materials/M_Male_Body.uasset" 44
"F:/Unreal_Project/PuzzlePlatforms/Content/Mannequin/Character/Materials/M_Male_Body.uexp" 45
"F:/Unreal_Project/PuzzlePlatforms/Content/Mannequin/Character/Materials/M_UE4Man_ChestLogo.uasset" 46
"F:/Unreal_Project/PuzzlePlatforms/Content/Mannequin/Character/Materials/M_UE4Man_ChestLogo.uexp" 47
"F:/Unreal_Project/PuzzlePlatforms/Content/Mannequin/Character/Textures/T_Female_N.uasset" 48
"F:/Unreal_Project/PuzzlePlatforms/Content/Mannequin/Character/Textures/T_Female_N.uexp" 49
"F:/Unreal_Project/PuzzlePlatforms/Content/Mannequin/Character/Textures/T_Female_N.ubulk" 50
"F:/Unreal_Project/PuzzlePlatforms/Content/Mannequin/Character/Textures/T_Female_Mask.uasset" 51
"F:/Unreal_Project/PuzzlePlatforms/Content/Mannequin/Character/Textures/T_Female_Mask.uexp" 52
"F:/Unreal_Project/PuzzlePlatforms/Content/Mannequin/Character/Textures/T_Female_Mask.ubulk" 53
"F:/Unreal_Project/PuzzlePlatforms/Content/Mannequin/Character/Materials/MI_Female_Body.uasset" 54
"F:/Unreal_Project/PuzzlePlatforms/Content/Mannequin/Character/Materials/MI_Female_Body.uexp" 55
"F:/Unreal_Project/PuzzlePlatforms/Content/Mannequin/Character/Mesh/SK_Mannequin_Female.uasset" 56
"F:/Unreal_Project/PuzzlePlatforms/Content/Mannequin/Character/Mesh/SK_Mannequin_Female.uexp" 57
"F:/Unreal_Project/PuzzlePlatforms/Content/MenuSystem/WBP_InGameMenu.uasset" 58
"F:/Unreal_Project/PuzzlePlatforms/Content/MenuSystem/WBP_InGameMenu.uexp" 59
"F:/Unreal_Project/PuzzlePlatforms/Content/MenuSystem/WBP_ServerRow.uasset" 60
"F:/Unreal_Project/PuzzlePlatforms/Content/MenuSystem/WBP_ServerRow.uexp" 61
"F:/Unreal_Project/PuzzlePlatforms/Content/MenuSystem/WBP_MainMenu.uasset" 62
"F:/Unreal_Project/PuzzlePlatforms/Content/MenuSystem/WBP_MainMenu.uexp" 63
"F:/Unreal_Project/PuzzlePlatforms/Content/ThirdPersonCPP/Maps/Game_BuiltData.uasset" 64
"F:/Unreal_Project/PuzzlePlatforms/Content/ThirdPersonCPP/Maps/Game_BuiltData.uexp" 65
"F:/Unreal_Project/PuzzlePlatforms/Content/ThirdPersonCPP/Maps/Game_BuiltData.ubulk" 66
"../../../Engine/Content/Animation/DefaultAnimBoneCompressionSettings.uasset" 67
"../../../Engine/Content/Animation/DefaultAnimBoneCompressionSettings.uexp" 68
"../../../Engine/Content/Animation/DefaultAnimCurveCompressionSettings.uasset" 69
"../../../Engine/Content/Animation/DefaultAnimCurveCompressionSettings.uexp" 70
"../../../Engine/Content/EngineMaterials/T_Default_Material_Grid_N.uasset" 71
"../../../Engine/Content/EngineMaterials/T_Default_Material_Grid_N.uexp" 72
"../../../Engine/Content/EngineMaterials/T_Default_Material_Grid_N.ubulk" 73
"../../../Engine/Content/EngineMaterials/T_Default_Material_Grid_M.uasset" 74
"../../../Engine/Content/EngineMaterials/T_Default_Material_Grid_M.uexp" 75
"../../../Engine/Content/EngineMaterials/T_Default_Material_Grid_M.ubulk" 76
"../../../Engine/Content/Functions/Engine_MaterialFunctions01/Opacity/CameraDepthFade.uasset" 77
"../../../Engine/Content/Functions/Engine_MaterialFunctions01/Opacity/CameraDepthFade.uexp" 78
"../../../Engine/Content/EngineMaterials/WorldGridMaterial.uasset" 79
"../../../Engine/Content/EngineMaterials/WorldGridMaterial.uexp" 80
"../../../Engine/Content/ArtTools/RenderToTexture/Meshes/S_1_Unit_Plane.uasset" 81
"../../../Engine/Content/ArtTools/RenderToTexture/Meshes/S_1_Unit_Plane.uexp" 82
"../../../Engine/Content/EngineMaterials/DefaultMaterial.uasset" 83
"../../../Engine/Content/EngineMaterials/DefaultMaterial.uexp" 84
"../../../Engine/Content/BasicShapes/Cone.uasset" 85
"../../../Engine/Content/BasicShapes/Cone.uexp" 86
"../../../Engine/Content/BasicShapes/Cube.uasset" 87
"../../../Engine/Content/BasicShapes/Cube.uexp" 88
"../../../Engine/Content/BasicShapes/Plane.uasset" 89
"../../../Engine/Content/BasicShapes/Plane.uexp" 90
"../../../Engine/Content/BasicShapes/Sphere.uasset" 91
"../../../Engine/Content/BasicShapes/Sphere.uexp" 92
"../../../Engine/Content/EditorLandscapeResources/DataLayer.uasset" 93
"../../../Engine/Content/EditorLandscapeResources/DataLayer.uexp" 94
"../../../Engine/Content/EditorLandscapeResources/DefaultAlphaTexture.uasset" 95
"../../../Engine/Content/EditorLandscapeResources/DefaultAlphaTexture.uexp" 96
"../../../Engine/Content/EditorMaterials/MAT_Groups_Toggle.uasset" 97
"../../../Engine/Content/EditorMaterials/MAT_Groups_Toggle.uexp" 98
"../../../Engine/Content/EditorMaterials/MAT_Groups_Visibility.uasset" 99
"../../../Engine/Content/EditorMaterials/MAT_Groups_Visibility.uexp" 100
"../../../Engine/Content/EditorMaterials/PreviewShadowIndicator.uasset" 101
"../../../Engine/Content/EditorMaterials/PreviewShadowIndicator.uexp" 102
"../../../Engine/Content/EditorMaterials/PreviewShadowIndicator.ubulk" 103
"../../../Engine/Content/EditorMaterials/PreviewShadowIndicatorMaterial.uasset" 104
"../../../Engine/Content/EditorMaterials/PreviewShadowIndicatorMaterial.uexp" 105
"../../../Engine/Content/EditorMaterials/MatineeGroups/MAT_ColorTrack.uasset" 106
"../../../Engine/Content/EditorMaterials/MatineeGroups/MAT_ColorTrack.uexp" 107
"../../../Engine/Content/EditorMaterials/MatineeGroups/MAT_Groups_Anim.uasset" 108
"../../../Engine/Content/EditorMaterials/MatineeGroups/MAT_Groups_Anim.uexp" 109
"../../../Engine/Content/EditorMaterials/MatineeGroups/MAT_Groups_AudioMaster.uasset" 110
"../../../Engine/Content/EditorMaterials/MatineeGroups/MAT_Groups_AudioMaster.uexp" 111
"../../../Engine/Content/EditorMaterials/MatineeGroups/MAT_Groups_Director.uasset" 112
"../../../Engine/Content/EditorMaterials/MatineeGroups/MAT_Groups_Director.uexp" 113
"../../../Engine/Content/EditorMaterials/MatineeGroups/MAT_Groups_Event.uasset" 114
"../../../Engine/Content/EditorMaterials/MatineeGroups/MAT_Groups_Event.uexp" 115
"../../../Engine/Content/EditorMaterials/MatineeGroups/MAT_Groups_Fade.uasset" 116
"../../../Engine/Content/EditorMaterials/MatineeGroups/MAT_Groups_Fade.uexp" 117
"../../../Engine/Content/EditorMaterials/MatineeGroups/MAT_Groups_Float.uasset" 118
"../../../Engine/Content/EditorMaterials/MatineeGroups/MAT_Groups_Float.uexp" 119
"../../../Engine/Content/EditorMaterials/MatineeGroups/MAT_Groups_Move.uasset" 120
"../../../Engine/Content/EditorMaterials/MatineeGroups/MAT_Groups_Move.uexp" 121
"../../../Engine/Content/EditorMaterials/MatineeGroups/MAT_Groups_Slomo.uasset" 122
"../../../Engine/Content/EditorMaterials/MatineeGroups/MAT_Groups_Slomo.uexp" 123
"../../../Engine/Content/EditorMaterials/MatineeGroups/MAT_Groups_Sound.uasset" 124
"../../../Engine/Content/EditorMaterials/MatineeGroups/MAT_Groups_Sound.uexp" 125
"../../../Engine/Content/EditorMaterials/MatineeGroups/MAT_Groups_Vector.uasset" 126
"../../../Engine/Content/EditorMaterials/MatineeGroups/MAT_Groups_Vector.uexp" 127
"../../../Engine/Content/EditorMaterials/ParticleSystems/PSysThumbnail_NoImage.uasset" 128
"../../../Engine/Content/EditorMaterials/ParticleSystems/PSysThumbnail_NoImage.uexp" 129
"../../../Engine/Content/EditorMaterials/ParticleSystems/PSysThumbnail_NoImage.ubulk" 130
"../../../Engine/Content/EditorMaterials/ParticleSystems/PSysThumbnail_OOD.uasset" 131
"../../../Engine/Content/EditorMaterials/ParticleSystems/PSysThumbnail_OOD.uexp" 132
"../../../Engine/Content/EditorMaterials/ParticleSystems/PSysThumbnail_OOD.ubulk" 133
"../../../Engine/Content/EditorMaterials/Camera/CineMat.uasset" 134
"../../../Engine/Content/EditorMaterials/Camera/CineMat.uexp" 135
"../../../Engine/Content/EditorMaterials/Camera/MI_CineMat_Rig.uasset" 136
"../../../Engine/Content/EditorMaterials/Camera/MI_CineMat_Rig.uexp" 137
"../../../Engine/Content/EditorMeshes/Camera/SM_CraneRig_Arm.uasset" 138
"../../../Engine/Content/EditorMeshes/Camera/SM_CraneRig_Arm.uexp" 139
"../../../Engine/Content/EditorMeshes/Camera/SM_CraneRig_Base.uasset" 140
"../../../Engine/Content/EditorMeshes/Camera/SM_CraneRig_Base.uexp" 141
"../../../Engine/Content/EditorMeshes/Camera/SM_CraneRig_Body.uasset" 142
"../../../Engine/Content/EditorMeshes/Camera/SM_CraneRig_Body.uexp" 143
"../../../Engine/Content/EditorMeshes/Camera/SM_CraneRig_Mount.uasset" 144
"../../../Engine/Content/EditorMeshes/Camera/SM_CraneRig_Mount.uexp" 145
"../../../Engine/Content/EditorMeshes/Camera/SM_RailRig_Mount.uasset" 146
"../../../Engine/Content/EditorMeshes/Camera/SM_RailRig_Mount.uexp" 147
"../../../Engine/Content/EditorMeshes/Camera/SM_RailRig_Track.uasset" 148
"../../../Engine/Content/EditorMeshes/Camera/SM_RailRig_Track.uexp" 149
"../../../Engine/Content/EditorResources/BSPVertex.uasset" 150
"../../../Engine/Content/EditorResources/BSPVertex.uexp" 151
"../../../Engine/Content/EditorResources/EmptyActor.uasset" 152
"../../../Engine/Content/EditorResources/EmptyActor.uexp" 153
"../../../Engine/Content/EditorResources/S_Actor.uasset" 154
"../../../Engine/Content/EditorResources/S_Actor.uexp" 155
"../../../Engine/Content/EditorResources/S_Actor.ubulk" 156
"../../../Engine/Content/EditorResources/S_Note.uasset" 157
"../../../Engine/Content/EditorResources/S_Note.uexp" 158
"../../../Engine/Content/EditorResources/S_Note.ubulk" 159
"../../../Engine/Content/EditorResources/S_Solver.uasset" 160
"../../../Engine/Content/EditorResources/S_Solver.uexp" 161
"../../../Engine/Content/EditorResources/S_Solver.ubulk" 162
"../../../Engine/Content/EditorResources/S_Terrain.uasset" 163
"../../../Engine/Content/EditorResources/S_Terrain.uexp" 164
"../../../Engine/Content/EditorResources/S_Terrain.ubulk" 165
"../../../Engine/Content/EditorResources/S_Trigger.uasset" 166
"../../../Engine/Content/EditorResources/S_Trigger.uexp" 167
"../../../Engine/Content/EditorResources/S_Trigger.ubulk" 168
"../../../Engine/Content/EditorResources/LightIcons/S_LightError.uasset" 169
"../../../Engine/Content/EditorResources/LightIcons/S_LightError.uexp" 170
"../../../Engine/Content/EditorResources/SequenceRecorder/Countdown.uasset" 171
"../../../Engine/Content/EditorResources/SequenceRecorder/Countdown.uexp" 172
"../../../Engine/Content/EditorResources/SequenceRecorder/RecordingIndicator.uasset" 173
"../../../Engine/Content/EditorResources/SequenceRecorder/RecordingIndicator.uexp" 174
"../../../Engine/Content/EngineDamageTypes/DmgTypeBP_Environmental.uasset" 175
"../../../Engine/Content/EngineDamageTypes/DmgTypeBP_Environmental.uexp" 176
"../../../Engine/Content/EngineDebugMaterials/DebugEditorMaterial.uasset" 177
"../../../Engine/Content/EngineDebugMaterials/DebugEditorMaterial.uexp" 178
"../../../Engine/Content/EngineDebugMaterials/DebugMeshMaterial.uasset" 179
"../../../Engine/Content/EngineDebugMaterials/DebugMeshMaterial.uexp" 180
"../../../Engine/Content/EngineDebugMaterials/M_SimpleUnlitTranslucent.uasset" 181
"../../../Engine/Content/EngineDebugMaterials/M_SimpleUnlitTranslucent.uexp" 182
"../../../Engine/Content/EngineDebugMaterials/VolumeToRender.uasset" 183
"../../../Engine/Content/EngineDebugMaterials/VolumeToRender.uexp" 184
"../../../Engine/Content/Functions/Engine_MaterialFunctions02/Utility/CameraDirectionVector.uasset" 185
"../../../Engine/Content/Functions/Engine_MaterialFunctions02/Utility/CameraDirectionVector.uexp" 186
"../../../Engine/Content/EngineDebugMaterials/M_VolumeRenderSphereTracePP.uasset" 187
"../../../Engine/Content/EngineDebugMaterials/M_VolumeRenderSphereTracePP.uexp" 188
"../../../Engine/Content/Functions/Engine_MaterialFunctions01/Shading/ConvertFromDiffSpec.uasset" 189
"../../../Engine/Content/Functions/Engine_MaterialFunctions01/Shading/ConvertFromDiffSpec.uexp" 190
"../../../Engine/Content/EngineDebugMaterials/VertexColorMaterial.uasset" 191
"../../../Engine/Content/EngineDebugMaterials/VertexColorMaterial.uexp" 192
"../../../Engine/Content/EngineDebugMaterials/WireframeMaterial.uasset" 193
"../../../Engine/Content/EngineDebugMaterials/WireframeMaterial.uexp" 194
"../../../Engine/Content/EngineFonts/Faces/RobotoRegular.uasset" 195
"../../../Engine/Content/EngineFonts/Faces/RobotoRegular.uexp" 196
"../../../Engine/Content/EngineFonts/Faces/RobotoRegular.ufont" 197
"../../../Engine/Content/EngineFonts/Faces/RobotoLight.uasset" 198
"../../../Engine/Content/EngineFonts/Faces/RobotoLight.uexp" 199
"../../../Engine/Content/EngineFonts/Faces/RobotoLight.ufont" 200
"../../../Engine/Content/EngineFonts/Faces/RobotoItalic.uasset" 201
"../../../Engine/Content/EngineFonts/Faces/RobotoItalic.uexp" 202
"../../../Engine/Content/EngineFonts/Faces/RobotoItalic.ufont" 203
"../../../Engine/Content/EngineFonts/Faces/RobotoBoldItalic.uasset" 204
"../../../Engine/Content/EngineFonts/Faces/RobotoBoldItalic.uexp" 205
"../../../Engine/Content/EngineFonts/Faces/RobotoBoldItalic.ufont" 206
"../../../Engine/Content/EngineFonts/Faces/RobotoBold.uasset" 207
"../../../Engine/Content/EngineFonts/Faces/RobotoBold.uexp" 208
"../../../Engine/Content/EngineFonts/Faces/RobotoBold.ufont" 209
"../../../Engine/Content/EngineFonts/Faces/DroidSansFallback.uasset" 210
"../../../Engine/Content/EngineFonts/Faces/DroidSansFallback.uexp" 211
"../../../Engine/Content/EngineFonts/Faces/DroidSansFallback.ufont" 212
"../../../Engine/Content/EngineFonts/Roboto.uasset" 213
"../../../Engine/Content/EngineFonts/Roboto.uexp" 214
"../../../Engine/Content/EngineMaterials/BaseFlattenNormalMap.uasset" 215
"../../../Engine/Content/EngineMaterials/BaseFlattenNormalMap.uexp" 216
"../../../Engine/Content/EngineMaterials/BaseFlattenGrayscaleMap.uasset" 217
"../../../Engine/Content/EngineMaterials/BaseFlattenGrayscaleMap.uexp" 218
"../../../Engine/Content/EngineMaterials/BaseFlattenEmissiveMap.uasset" 219
"../../../Engine/Content/EngineMaterials/BaseFlattenEmissiveMap.uexp" 220
"../../../Engine/Content/EngineMaterials/BaseFlattenDiffuseMap.uasset" 221
"../../../Engine/Content/EngineMaterials/BaseFlattenDiffuseMap.uexp" 222
"../../../Engine/Content/EngineMaterials/BaseFlattenMaterial.uasset" 223
"../../../Engine/Content/EngineMaterials/BaseFlattenMaterial.uexp" 224
"../../../Engine/Content/EngineMaterials/BlueNoise.uasset" 225
"../../../Engine/Content/EngineMaterials/BlueNoise.uexp" 226
"../../../Engine/Content/EngineMaterials/DefaultBloomKernel.uasset" 227
"../../../Engine/Content/EngineMaterials/DefaultBloomKernel.uexp" 228
"../../../Engine/Content/EngineMaterials/DefaultBokeh.uasset" 229
"../../../Engine/Content/EngineMaterials/DefaultBokeh.uexp" 230
"../../../Engine/Content/EngineMaterials/DefaultDiffuse.uasset" 231
"../../../Engine/Content/EngineMaterials/DefaultDiffuse.uexp" 232
"../../../Engine/Content/EngineMaterials/DefaultDiffuse.ubulk" 233
"../../../Engine/Content/EngineMaterials/DefaultDeferredDecalMaterial.uasset" 234
"../../../Engine/Content/EngineMaterials/DefaultDeferredDecalMaterial.uexp" 235
"../../../Engine/Content/EngineMaterials/DefaultLightFunctionMaterial.uasset" 236
"../../../Engine/Content/EngineMaterials/DefaultLightFunctionMaterial.uexp" 237
"../../../Engine/Content/EngineMaterials/DefaultPhysicalMaterial.uasset" 238
"../../../Engine/Content/EngineMaterials/DefaultPhysicalMaterial.uexp" 239
"../../../Engine/Content/Functions/Engine_MaterialFunctions02/Utility/BreakOutFloat2Components.uasset" 240
"../../../Engine/Content/Functions/Engine_MaterialFunctions02/Utility/BreakOutFloat2Components.uexp" 241
"../../../Engine/Content/EngineMaterials/DefaultPostProcessMaterial.uasset" 242
"../../../Engine/Content/EngineMaterials/DefaultPostProcessMaterial.uexp" 243
"../../../Engine/Content/EngineFonts/RobotoDistanceField.uasset" 244
"../../../Engine/Content/EngineFonts/RobotoDistanceField.uexp" 245
"../../../Engine/Content/EngineMaterials/DefaultTextMaterialOpaque.uasset" 246
"../../../Engine/Content/EngineMaterials/DefaultTextMaterialOpaque.uexp" 247
"../../../Engine/Content/EngineMaterials/DefaultWhiteGrid.uasset" 248
"../../../Engine/Content/EngineMaterials/DefaultWhiteGrid.uexp" 249
"../../../Engine/Content/EngineMaterials/DefaultWhiteGrid.ubulk" 250
"../../../Engine/Content/EngineMaterials/DefaultWhiteGrid_Low.uasset" 251
"../../../Engine/Content/EngineMaterials/DefaultWhiteGrid_Low.uexp" 252
"../../../Engine/Content/EngineMaterials/EmissiveMeshMaterial.uasset" 253
"../../../Engine/Content/EngineMaterials/EmissiveMeshMaterial.uexp" 254
"../../../Engine/Content/EngineMaterials/GizmoMaterial.uasset" 255
"../../../Engine/Content/EngineMaterials/GizmoMaterial.uexp" 256
"../../../Engine/Content/EngineMaterials/Good64x64TilingNoiseHighFreq.uasset" 257
"../../../Engine/Content/EngineMaterials/Good64x64TilingNoiseHighFreq.uexp" 258
"../../../Engine/Content/EngineMaterials/MiniFont.uasset" 259
"../../../Engine/Content/EngineMaterials/MiniFont.uexp" 260
"../../../Engine/Content/EngineMaterials/InvalidLightmapSettings.uasset" 261
"../../../Engine/Content/EngineMaterials/InvalidLightmapSettings.uexp" 262
"../../../Engine/Content/EngineMaterials/InvalidLightmapSettings.ubulk" 263
"../../../Engine/Content/EngineMaterials/M_InvalidLightmapSettings.uasset" 264
"../../../Engine/Content/EngineMaterials/M_InvalidLightmapSettings.uexp" 265
"../../../Engine/Content/Functions/Engine_MaterialFunctions02/WorldPositionOffset/CameraOffset.uasset" 266
"../../../Engine/Content/Functions/Engine_MaterialFunctions02/WorldPositionOffset/CameraOffset.uexp" 267
"../../../Engine/Content/EngineMaterials/PhAT_JointLimitMaterial.uasset" 268
"../../../Engine/Content/EngineMaterials/PhAT_JointLimitMaterial.uexp" 269
"../../../Engine/Content/EngineMaterials/DefaultCalibrationColor.uasset" 270
"../../../Engine/Content/EngineMaterials/DefaultCalibrationColor.uexp" 271
"../../../Engine/Content/EngineMaterials/PPM_DefaultCalibrationColor.uasset" 272
"../../../Engine/Content/EngineMaterials/PPM_DefaultCalibrationColor.uexp" 273
"../../../Engine/Content/EngineMaterials/DefaultCalibrationGrayscale.uasset" 274
"../../../Engine/Content/EngineMaterials/DefaultCalibrationGrayscale.uexp" 275
"../../../Engine/Content/EngineMaterials/PPM_DefaultCalibrationGrayscale.uasset" 276
"../../../Engine/Content/EngineMaterials/PPM_DefaultCalibrationGrayscale.uexp" 277
"../../../Engine/Content/EngineMaterials/PreintegratedSkinBRDF.uasset" 278
"../../../Engine/Content/EngineMaterials/PreintegratedSkinBRDF.uexp" 279
"../../../Engine/Content/EngineMaterials/RemoveSurfaceMaterial.uasset" 280
"../../../Engine/Content/EngineMaterials/RemoveSurfaceMaterial.uexp" 281
"../../../Engine/Content/EngineMaterials/WeightMapPlaceholderTexture.uasset" 282
"../../../Engine/Content/EngineMaterials/WeightMapPlaceholderTexture.uexp" 283
"../../../Engine/Content/EngineResources/WhiteSquareTexture.uasset" 284
"../../../Engine/Content/EngineResources/WhiteSquareTexture.uexp" 285
"../../../Engine/Content/EngineMaterials/Widget3DPassThrough.uasset" 286
"../../../Engine/Content/EngineMaterials/Widget3DPassThrough.uexp" 287
"../../../Engine/Content/EngineMaterials/Widget3DPassThrough_Masked.uasset" 288
"../../../Engine/Content/EngineMaterials/Widget3DPassThrough_Masked.uexp" 289
"../../../Engine/Content/EngineMaterials/Widget3DPassThrough_Opaque.uasset" 290
"../../../Engine/Content/EngineMaterials/Widget3DPassThrough_Opaque.uexp" 291
"../../../Engine/Content/EngineMaterials/Widget3DPassThrough_Masked_OneSided.uasset" 292
"../../../Engine/Content/EngineMaterials/Widget3DPassThrough_Masked_OneSided.uexp" 293
"../../../Engine/Content/EngineMaterials/Widget3DPassThrough_Opaque_OneSided.uasset" 294
"../../../Engine/Content/EngineMaterials/Widget3DPassThrough_Opaque_OneSided.uexp" 295
"../../../Engine/Content/EngineMaterials/Widget3DPassThrough_Translucent.uasset" 296
"../../../Engine/Content/EngineMaterials/Widget3DPassThrough_Translucent.uexp" 297
"../../../Engine/Content/EngineMaterials/Widget3DPassThrough_Translucent_OneSided.uasset" 298
"../../../Engine/Content/EngineMaterials/Widget3DPassThrough_Translucent_OneSided.uexp" 299
"../../../Engine/Content/EngineMeshes/Cylinder.uasset" 300
"../../../Engine/Content/EngineMeshes/Cylinder.uexp" 301
"../../../Engine/Content/EngineMeshes/Sphere.uasset" 302
"../../../Engine/Content/EngineMeshes/Sphere.uexp" 303
"../../../Engine/Content/EngineResources/DefaultTexture.uasset" 304
"../../../Engine/Content/EngineResources/DefaultTexture.uexp" 305
"../../../Engine/Content/EngineResources/DefaultTexture.ubulk" 306
"../../../Engine/Content/EngineResources/DefaultTextureCube.uasset" 307
"../../../Engine/Content/EngineResources/DefaultTextureCube.uexp" 308
"../../../Engine/Content/EngineResources/DefaultVolumeTexture2D.uasset" 309
"../../../Engine/Content/EngineResources/DefaultVolumeTexture2D.uexp" 310
"../../../Engine/Content/EngineResources/DefaultVolumeTexture.uasset" 311
"../../../Engine/Content/EngineResources/DefaultVolumeTexture.uexp" 312
"../../../Engine/Content/EngineResources/GradientTexture0.uasset" 313
"../../../Engine/Content/EngineResources/GradientTexture0.uexp" 314
"../../../Engine/Content/EngineSky/VolumetricClouds/T_NoiseShape64.uasset" 315
"../../../Engine/Content/EngineSky/VolumetricClouds/T_NoiseShape64.uexp" 316
"../../../Engine/Content/EngineSky/VolumetricClouds/T_NoiseShape64.ubulk" 317
"../../../Engine/Content/EngineSky/VolumetricClouds/T_VolumeNoiseShape64.uasset" 318
"../../../Engine/Content/EngineSky/VolumetricClouds/T_VolumeNoiseShape64.uexp" 319
"../../../Engine/Content/EngineSky/VolumetricClouds/T_NoiseErosion.uasset" 320
"../../../Engine/Content/EngineSky/VolumetricClouds/T_NoiseErosion.uexp" 321
"../../../Engine/Content/EngineSky/VolumetricClouds/T_NoiseErosion.ubulk" 322
"../../../Engine/Content/EngineSky/VolumetricClouds/T_VolumeNoiseErosion32.uasset" 323
"../../../Engine/Content/EngineSky/VolumetricClouds/T_VolumeNoiseErosion32.uexp" 324
"../../../Engine/Content/EngineSky/VolumetricClouds/CloudWeatherTexture.uasset" 325
"../../../Engine/Content/EngineSky/VolumetricClouds/CloudWeatherTexture.uexp" 326
"../../../Engine/Content/EngineSky/VolumetricClouds/CloudGradientTexture.uasset" 327
"../../../Engine/Content/EngineSky/VolumetricClouds/CloudGradientTexture.uexp" 328
"../../../Engine/Content/Functions/Engine_MaterialFunctions02/Utility/MakeFloat2.uasset" 329
"../../../Engine/Content/Functions/Engine_MaterialFunctions02/Utility/MakeFloat2.uexp" 330
"../../../Engine/Content/EngineSky/VolumetricClouds/m_SimpleVolumetricCloud.uasset" 331
"../../../Engine/Content/EngineSky/VolumetricClouds/m_SimpleVolumetricCloud.uexp" 332
"../../../Engine/Content/EngineSky/VolumetricClouds/m_SimpleVolumetricCloud_Inst.uasset" 333
"../../../Engine/Content/EngineSky/VolumetricClouds/m_SimpleVolumetricCloud_Inst.uexp" 334
"../../../Engine/Content/EngineSounds/Master.uasset" 335
"../../../Engine/Content/EngineSounds/Master.uexp" 336
"../../../Engine/Content/Functions/Engine_MaterialFunctions01/Shading/PowerToRoughness.uasset" 337
"../../../Engine/Content/Functions/Engine_MaterialFunctions01/Shading/PowerToRoughness.uexp" 338
"../../../Engine/Content/Maps/Templates/Thumbnails/Default.uasset" 339
"../../../Engine/Content/Maps/Templates/Thumbnails/Default.uexp" 340
"../../../Engine/Content/Maps/Templates/Thumbnails/TimeOfDay.uasset" 341
"../../../Engine/Content/Maps/Templates/Thumbnails/TimeOfDay.uexp" 342
"../../../Engine/Content/Maps/Templates/Thumbnails/VR-Basic.uasset" 343
"../../../Engine/Content/Maps/Templates/Thumbnails/VR-Basic.uexp" 344
"../../../Engine/Content/MobileResources/T_MobileControls_texture.uasset" 345
"../../../Engine/Content/MobileResources/T_MobileControls_texture.uexp" 346
"../../../Engine/Content/MobileResources/T_MobileMenu2.uasset" 347
"../../../Engine/Content/MobileResources/T_MobileMenu2.uexp" 348
"../../../Engine/Content/MobileResources/HUD/AnalogHat.uasset" 349
"../../../Engine/Content/MobileResources/HUD/AnalogHat.uexp" 350
"../../../Engine/Content/MobileResources/HUD/VirtualJoystick_Thumb.uasset" 351
"../../../Engine/Content/MobileResources/HUD/VirtualJoystick_Thumb.uexp" 352
"../../../Engine/Content/MobileResources/HUD/VirtualJoystick_Background.uasset" 353
"../../../Engine/Content/MobileResources/HUD/VirtualJoystick_Background.uexp" 354
"../../../Engine/Content/MobileResources/HUD/DefaultVirtualJoysticks.uasset" 355
"../../../Engine/Content/MobileResources/HUD/DefaultVirtualJoysticks.uexp" 356
"../../../Engine/Content/MobileResources/HUD/LeftVirtualJoystickOnly.uasset" 357
"../../../Engine/Content/MobileResources/HUD/LeftVirtualJoystickOnly.uexp" 358
"../../../Engine/Content/MobileResources/HUD/MobileHUDButton1_off.uasset" 359
"../../../Engine/Content/MobileResources/HUD/MobileHUDButton1_off.uexp" 360
"../../../Engine/Content/MobileResources/HUD/MobileHUDButton1_on.uasset" 361
"../../../Engine/Content/MobileResources/HUD/MobileHUDButton1_on.uexp" 362
"../../../Engine/Content/MobileResources/HUD/MobileHUDButton2_off.uasset" 363
"../../../Engine/Content/MobileResources/HUD/MobileHUDButton2_off.uexp" 364
"../../../Engine/Content/MobileResources/HUD/MobileHUDButton2_on.uasset" 365
"../../../Engine/Content/MobileResources/HUD/MobileHUDButton2_on.uexp" 366
"../../../Engine/Content/MobileResources/HUD/MobileHUDButton3.uasset" 367
"../../../Engine/Content/MobileResources/HUD/MobileHUDButton3.uexp" 368
"../../../Engine/Content/MobileResources/HUD/MobileHUDButtonFire.uasset" 369
"../../../Engine/Content/MobileResources/HUD/MobileHUDButtonFire.uexp" 370
"../../../Engine/Content/MobileResources/HUD/MobileHUDDirectionPad.uasset" 371
"../../../Engine/Content/MobileResources/HUD/MobileHUDDirectionPad.uexp" 372
"../../../Engine/Content/MobileResources/HUD/MobileHUDDirectionPad2.uasset" 373
"../../../Engine/Content/MobileResources/HUD/MobileHUDDirectionPad2.uexp" 374
"../../../Engine/Content/MobileResources/HUD/MobileHUDDirectionPad3.uasset" 375
"../../../Engine/Content/MobileResources/HUD/MobileHUDDirectionPad3.uexp" 376
"../../../Engine/Content/MobileResources/HUD/MobileHUDDirectionStick.uasset" 377
"../../../Engine/Content/MobileResources/HUD/MobileHUDDirectionStick.uexp" 378
"../../../Engine/Content/MobileResources/HUD/T_Castle_ThumbstickInner.uasset" 379
"../../../Engine/Content/MobileResources/HUD/T_Castle_ThumbstickInner.uexp" 380
"../../../Engine/Content/MobileResources/HUD/T_Castle_ThumbstickOutter.uasset" 381
"../../../Engine/Content/MobileResources/HUD/T_Castle_ThumbstickOutter.uexp" 382
"../../../Engine/Content/Tutorial/ContentIntroCurve.uasset" 383
"../../../Engine/Content/Tutorial/ContentIntroCurve.uexp" 384
"../../../Engine/Content/VREditor/TransformGizmo/TranslucentTransformGizmoMaterial.uasset" 385
"../../../Engine/Content/VREditor/TransformGizmo/TranslucentTransformGizmoMaterial.uexp" 386
"../../../Engine/Content/VREditor/LaserPointer/VR_LaserPower_01.uasset" 387
"../../../Engine/Content/VREditor/LaserPointer/VR_LaserPower_01.uexp" 388
"../../../Engine/Content/VREditor/LaserPointer/VR_LaserPower_01.ubulk" 389
"../../../Engine/Content/VREditor/TransformGizmo/TransformGizmoMaterial.uasset" 390
"../../../Engine/Content/VREditor/TransformGizmo/TransformGizmoMaterial.uexp" 391
"../../../Engine/Content/VREditor/TransformGizmo/BoundingBoxCorner.uasset" 392
"../../../Engine/Content/VREditor/TransformGizmo/BoundingBoxCorner.uexp" 393
"../../../Engine/Content/VREditor/TransformGizmo/BoundingBoxEdge.uasset" 394
"../../../Engine/Content/VREditor/TransformGizmo/BoundingBoxEdge.uexp" 395
"../../../Engine/Content/VREditor/TransformGizmo/PlaneTranslationHandle.uasset" 396
"../../../Engine/Content/VREditor/TransformGizmo/PlaneTranslationHandle.uexp" 397
"../../../Engine/Content/VREditor/TransformGizmo/Xray.uasset" 398
"../../../Engine/Content/VREditor/TransformGizmo/Xray.uexp" 399
"../../../Engine/Content/VREditor/TransformGizmo/Main.uasset" 400
"../../../Engine/Content/VREditor/TransformGizmo/Main.uexp" 401
"../../../Engine/Content/VREditor/TransformGizmo/SM_Sequencer_Key.uasset" 402
"../../../Engine/Content/VREditor/TransformGizmo/SM_Sequencer_Key.uexp" 403
"../../../Engine/Content/VREditor/TransformGizmo/SM_Sequencer_Node.uasset" 404
"../../../Engine/Content/VREditor/TransformGizmo/SM_Sequencer_Node.uexp" 405
"../../../Engine/Plugins/2D/Paper2D/Content/PlaceholderTextures/DummySpriteTexture.uasset" 406
"../../../Engine/Plugins/2D/Paper2D/Content/PlaceholderTextures/DummySpriteTexture.uexp" 407
"../../../Engine/Plugins/2D/Paper2D/Content/PlaceholderTextures/DummySpriteTexture.ubulk" 408
"../../../Engine/Plugins/2D/Paper2D/Content/DummySprite.uasset" 409
"../../../Engine/Plugins/2D/Paper2D/Content/DummySprite.uexp" 410
"../../../Engine/Plugins/2D/Paper2D/Content/DefaultPaperTerrainMaterial.uasset" 411
"../../../Engine/Plugins/2D/Paper2D/Content/DefaultPaperTerrainMaterial.uexp" 412
"../../../Engine/Plugins/2D/Paper2D/Content/DefaultSpriteMaterial.uasset" 413
"../../../Engine/Plugins/2D/Paper2D/Content/DefaultSpriteMaterial.uexp" 414
"../../../Engine/Plugins/2D/Paper2D/Content/MaskedUnlitSpriteMaterial.uasset" 415
"../../../Engine/Plugins/2D/Paper2D/Content/MaskedUnlitSpriteMaterial.uexp" 416
"../../../Engine/Plugins/2D/Paper2D/Content/OpaqueUnlitSpriteMaterial.uasset" 417
"../../../Engine/Plugins/2D/Paper2D/Content/OpaqueUnlitSpriteMaterial.uexp" 418
"../../../Engine/Content/Functions/Engine_MaterialFunctions02/Utility/BreakOutFloat3Components.uasset" 419
"../../../Engine/Content/Functions/Engine_MaterialFunctions02/Utility/BreakOutFloat3Components.uexp" 420
"../../../Engine/Plugins/Editor/SpeedTreeImporter/Content/SpeedTree9/UnpackInteger3.uasset" 421
"../../../Engine/Plugins/Editor/SpeedTreeImporter/Content/SpeedTree9/UnpackInteger3.uexp" 422
"../../../Engine/Plugins/Editor/SpeedTreeImporter/Content/SpeedTree9/UnpackDirection.uasset" 423
"../../../Engine/Plugins/Editor/SpeedTreeImporter/Content/SpeedTree9/UnpackDirection.uexp" 424
"../../../Engine/Plugins/Editor/SpeedTreeImporter/Content/SpeedTree9/game_wind_noise.uasset" 425
"../../../Engine/Plugins/Editor/SpeedTreeImporter/Content/SpeedTree9/game_wind_noise.uexp" 426
"../../../Engine/Plugins/Editor/SpeedTreeImporter/Content/SpeedTree9/game_wind_noise.ubulk" 427
"../../../Engine/Content/Functions/Engine_MaterialFunctions02/SafeNormalize.uasset" 428
"../../../Engine/Content/Functions/Engine_MaterialFunctions02/SafeNormalize.uexp" 429
"../../../Engine/Plugins/Editor/SpeedTreeImporter/Content/SpeedTree9/SpeedTreeWindMotion.uasset" 430
"../../../Engine/Plugins/Editor/SpeedTreeImporter/Content/SpeedTree9/SpeedTreeWindMotion.uexp" 431
"../../../Engine/Plugins/Editor/SpeedTreeImporter/Content/SpeedTree9/SpeedTreeBranchMotion.uasset" 432
"../../../Engine/Plugins/Editor/SpeedTreeImporter/Content/SpeedTree9/SpeedTreeBranchMotion.uexp" 433
"../../../Engine/Content/Functions/Engine_MaterialFunctions02/ObjectLocalBounds.uasset" 434
"../../../Engine/Content/Functions/Engine_MaterialFunctions02/ObjectLocalBounds.uexp" 435
"../../../Engine/Content/Functions/Engine_MaterialFunctions02/UVs/BoundingBoxBased_0-1_UVW.uasset" 436
"../../../Engine/Content/Functions/Engine_MaterialFunctions02/UVs/BoundingBoxBased_0-1_UVW.uexp" 437
"../../../Engine/Content/Functions/Engine_MaterialFunctions02/Utility/VectorLength.uasset" 438
"../../../Engine/Content/Functions/Engine_MaterialFunctions02/Utility/VectorLength.uexp" 439
"../../../Engine/Content/Functions/Engine_MaterialFunctions02/WorldPositionOffset/ObjectScale.uasset" 440
"../../../Engine/Content/Functions/Engine_MaterialFunctions02/WorldPositionOffset/ObjectScale.uexp" 441
"../../../Engine/Plugins/Editor/SpeedTreeImporter/Content/SpeedTree9/SpeedTreeWind.uasset" 442
"../../../Engine/Plugins/Editor/SpeedTreeImporter/Content/SpeedTree9/SpeedTreeWind.uexp" 443
"../../../Engine/Plugins/Editor/SpeedTreeImporter/Content/SpeedTree9/SpeedTreeBillboard.uasset" 444
"../../../Engine/Plugins/Editor/SpeedTreeImporter/Content/SpeedTree9/SpeedTreeBillboard.uexp" 445
"../../../Engine/Plugins/Editor/SpeedTreeImporter/Content/SpeedTree9/EmptyNormal.uasset" 446
"../../../Engine/Plugins/Editor/SpeedTreeImporter/Content/SpeedTree9/EmptyNormal.uexp" 447
"../../../Engine/Plugins/Editor/SpeedTreeImporter/Content/SpeedTree9/Empty.uasset" 448
"../../../Engine/Plugins/Editor/SpeedTreeImporter/Content/SpeedTree9/Empty.uexp" 449
"../../../Engine/Plugins/Editor/SpeedTreeImporter/Content/SpeedTree9/SpeedTreeBillboardMaster.uasset" 450
"../../../Engine/Plugins/Editor/SpeedTreeImporter/Content/SpeedTree9/SpeedTreeBillboardMaster.uexp" 451
"../../../Engine/Plugins/Editor/SpeedTreeImporter/Content/SpeedTree9/SpeedTreeCameraFacing.uasset" 452
"../../../Engine/Plugins/Editor/SpeedTreeImporter/Content/SpeedTree9/SpeedTreeCameraFacing.uexp" 453
"../../../Engine/Plugins/Editor/SpeedTreeImporter/Content/SpeedTree9/SpeedTreeMaster.uasset" 454
"../../../Engine/Plugins/Editor/SpeedTreeImporter/Content/SpeedTree9/SpeedTreeMaster.uexp" 455
"../../../Engine/Content/BasicShapes/Cylinder.uasset" 456
"../../../Engine/Content/BasicShapes/Cylinder.uexp" 457
"../../../Engine/Content/ArtTools/RenderToTexture/Materials/Debug/M_Emissive_Color.uasset" 458
"../../../Engine/Content/ArtTools/RenderToTexture/Materials/Debug/M_Emissive_Color.uexp" 459
"../../../Engine/Plugins/Lumin/MagicLeapPassableWorld/Content/MagicLeapARPinInfoActor.uasset" 460
"../../../Engine/Plugins/Lumin/MagicLeapPassableWorld/Content/MagicLeapARPinInfoActor.uexp" 461
"../../../Engine/Plugins/Runtime/OpenXR/Content/Devices/GoogleDaydream/MRTexture.uasset" 462
"../../../Engine/Plugins/Runtime/OpenXR/Content/Devices/GoogleDaydream/MRTexture.uexp" 463
"../../../Engine/Plugins/Runtime/OpenXR/Content/Devices/GoogleDaydream/MRTexture.ubulk" 464
"../../../Engine/Plugins/Runtime/OpenXR/Content/Devices/GoogleDaydream/BaseTexture.uasset" 465
"../../../Engine/Plugins/Runtime/OpenXR/Content/Devices/GoogleDaydream/BaseTexture.uexp" 466
"../../../Engine/Plugins/Runtime/OpenXR/Content/Devices/GoogleDaydream/BaseTexture.ubulk" 467
"../../../Engine/Content/EngineResources/Black.uasset" 468
"../../../Engine/Content/EngineResources/Black.uexp" 469
"../../../Engine/Plugins/Runtime/OpenXR/Content/Devices/M_XRController.uasset" 470
"../../../Engine/Plugins/Runtime/OpenXR/Content/Devices/M_XRController.uexp" 471
"../../../Engine/Plugins/Runtime/OpenXR/Content/Devices/GoogleDaydream/MI_GoogleDaydream.uasset" 472
"../../../Engine/Plugins/Runtime/OpenXR/Content/Devices/GoogleDaydream/MI_GoogleDaydream.uexp" 473
"../../../Engine/Plugins/Runtime/OpenXR/Content/Devices/GoogleDaydream/GoogleDaydreamController.uasset" 474
"../../../Engine/Plugins/Runtime/OpenXR/Content/Devices/GoogleDaydream/GoogleDaydreamController.uexp" 475
"../../../Engine/Plugins/Runtime/OpenXR/Content/Devices/HTCVive/BaseTexture.uasset" 476
"../../../Engine/Plugins/Runtime/OpenXR/Content/Devices/HTCVive/BaseTexture.uexp" 477
"../../../Engine/Plugins/Runtime/OpenXR/Content/Devices/HTCVive/BaseTexture.ubulk" 478
"../../../Engine/Plugins/Runtime/OpenXR/Content/Devices/HTCVive/MI_HTCVive.uasset" 479
"../../../Engine/Plugins/Runtime/OpenXR/Content/Devices/HTCVive/MI_HTCVive.uexp" 480
"../../../Engine/Plugins/Runtime/OpenXR/Content/Devices/HTCVive/HTCViveController.uasset" 481
"../../../Engine/Plugins/Runtime/OpenXR/Content/Devices/HTCVive/HTCViveController.uexp" 482
"../../../Engine/Plugins/Runtime/OpenXR/Content/Devices/MicrosoftMixedReality/NormalTexture.uasset" 483
"../../../Engine/Plugins/Runtime/OpenXR/Content/Devices/MicrosoftMixedReality/NormalTexture.uexp" 484
"../../../Engine/Plugins/Runtime/OpenXR/Content/Devices/MicrosoftMixedReality/NormalTexture.ubulk" 485
"../../../Engine/Plugins/Runtime/OpenXR/Content/Devices/MicrosoftMixedReality/MRTexture.uasset" 486
"../../../Engine/Plugins/Runtime/OpenXR/Content/Devices/MicrosoftMixedReality/MRTexture.uexp" 487
"../../../Engine/Plugins/Runtime/OpenXR/Content/Devices/MicrosoftMixedReality/MRTexture.ubulk" 488
"../../../Engine/Plugins/Runtime/OpenXR/Content/Devices/MicrosoftMixedReality/EmissiveTexture.uasset" 489
"../../../Engine/Plugins/Runtime/OpenXR/Content/Devices/MicrosoftMixedReality/EmissiveTexture.uexp" 490
"../../../Engine/Plugins/Runtime/OpenXR/Content/Devices/MicrosoftMixedReality/EmissiveTexture.ubulk" 491
"../../../Engine/Plugins/Runtime/OpenXR/Content/Devices/MicrosoftMixedReality/BaseTexture.uasset" 492
"../../../Engine/Plugins/Runtime/OpenXR/Content/Devices/MicrosoftMixedReality/BaseTexture.uexp" 493
"../../../Engine/Plugins/Runtime/OpenXR/Content/Devices/MicrosoftMixedReality/BaseTexture.ubulk" 494
"../../../Engine/Plugins/Runtime/OpenXR/Content/Devices/MicrosoftMixedReality/MI_MicrosoftMixedReality.uasset" 495
"../../../Engine/Plugins/Runtime/OpenXR/Content/Devices/MicrosoftMixedReality/MI_MicrosoftMixedReality.uexp" 496
"../../../Engine/Plugins/Runtime/OpenXR/Content/Devices/MicrosoftMixedReality/Left/left_MicrosoftMixedRealityController.uasset" 497
"../../../Engine/Plugins/Runtime/OpenXR/Content/Devices/MicrosoftMixedReality/Left/left_MicrosoftMixedRealityController.uexp" 498
"../../../Engine/Plugins/Runtime/OpenXR/Content/Devices/MicrosoftMixedReality/Right/right_MicrosoftMixedRealityController.uasset" 499
"../../../Engine/Plugins/Runtime/OpenXR/Content/Devices/MicrosoftMixedReality/Right/right_MicrosoftMixedRealityController.uexp" 500
"../../../Engine/Plugins/Runtime/OpenXR/Content/Devices/OculusGo/BaseTexture.uasset" 501
"../../../Engine/Plugins/Runtime/OpenXR/Content/Devices/OculusGo/BaseTexture.uexp" 502
"../../../Engine/Plugins/Runtime/OpenXR/Content/Devices/OculusGo/BaseTexture.ubulk" 503
"../../../Engine/Plugins/Runtime/OpenXR/Content/Devices/OculusGo/MI_OculusGo.uasset" 504
"../../../Engine/Plugins/Runtime/OpenXR/Content/Devices/OculusGo/MI_OculusGo.uexp" 505
"../../../Engine/Plugins/Runtime/OpenXR/Content/Devices/OculusGo/OculusGoController.uasset" 506
"../../../Engine/Plugins/Runtime/OpenXR/Content/Devices/OculusGo/OculusGoController.uexp" 507
"../../../Engine/Plugins/Runtime/OpenXR/Content/Devices/OculusTouch/MRTexture.uasset" 508
"../../../Engine/Plugins/Runtime/OpenXR/Content/Devices/OculusTouch/MRTexture.uexp" 509
"../../../Engine/Plugins/Runtime/OpenXR/Content/Devices/OculusTouch/MRTexture.ubulk" 510
"../../../Engine/Plugins/Runtime/OpenXR/Content/Devices/OculusTouch/BaseTexture.uasset" 511
"../../../Engine/Plugins/Runtime/OpenXR/Content/Devices/OculusTouch/BaseTexture.uexp" 512
"../../../Engine/Plugins/Runtime/OpenXR/Content/Devices/OculusTouch/BaseTexture.ubulk" 513
"../../../Engine/Plugins/Runtime/OpenXR/Content/Devices/OculusTouch/MI_OculusTouch.uasset" 514
"../../../Engine/Plugins/Runtime/OpenXR/Content/Devices/OculusTouch/MI_OculusTouch.uexp" 515
"../../../Engine/Plugins/Runtime/OpenXR/Content/Devices/OculusTouch/Left/left_OculusTouchController.uasset" 516
"../../../Engine/Plugins/Runtime/OpenXR/Content/Devices/OculusTouch/Left/left_OculusTouchController.uexp" 517
"../../../Engine/Plugins/Runtime/OpenXR/Content/Devices/OculusTouch/Right/right_OculusTouchController.uasset" 518
"../../../Engine/Plugins/Runtime/OpenXR/Content/Devices/OculusTouch/Right/right_OculusTouchController.uexp" 519
"../../../Engine/Plugins/Runtime/OpenXR/Content/Devices/OculusTouch_v2/MRTexture.uasset" 520
"../../../Engine/Plugins/Runtime/OpenXR/Content/Devices/OculusTouch_v2/MRTexture.uexp" 521
"../../../Engine/Plugins/Runtime/OpenXR/Content/Devices/OculusTouch_v2/MRTexture.ubulk" 522
"../../../Engine/Plugins/Runtime/OpenXR/Content/Devices/OculusTouch_v2/BaseTexture.uasset" 523
"../../../Engine/Plugins/Runtime/OpenXR/Content/Devices/OculusTouch_v2/BaseTexture.uexp" 524
"../../../Engine/Plugins/Runtime/OpenXR/Content/Devices/OculusTouch_v2/BaseTexture.ubulk" 525
"../../../Engine/Plugins/Runtime/OpenXR/Content/Devices/OculusTouch_v2/MI_OculusTouch_v2.uasset" 526
"../../../Engine/Plugins/Runtime/OpenXR/Content/Devices/OculusTouch_v2/MI_OculusTouch_v2.uexp" 527
"../../../Engine/Plugins/Runtime/OpenXR/Content/Devices/OculusTouch_v2/Left/left_OculusTouch_v2Controller.uasset" 528
"../../../Engine/Plugins/Runtime/OpenXR/Content/Devices/OculusTouch_v2/Left/left_OculusTouch_v2Controller.uexp" 529
"../../../Engine/Plugins/Runtime/OpenXR/Content/Devices/OculusTouch_v2/Right/right_OculusTouch_v2Controller.uasset" 530
"../../../Engine/Plugins/Runtime/OpenXR/Content/Devices/OculusTouch_v2/Right/right_OculusTouch_v2Controller.uexp" 531
"../../../Engine/Plugins/Runtime/OpenXR/Content/Devices/OculusTouch_v3/MRTexture.uasset" 532
"../../../Engine/Plugins/Runtime/OpenXR/Content/Devices/OculusTouch_v3/MRTexture.uexp" 533
"../../../Engine/Plugins/Runtime/OpenXR/Content/Devices/OculusTouch_v3/MRTexture.ubulk" 534
"../../../Engine/Plugins/Runtime/OpenXR/Content/Devices/OculusTouch_v3/BaseTexture.uasset" 535
"../../../Engine/Plugins/Runtime/OpenXR/Content/Devices/OculusTouch_v3/BaseTexture.uexp" 536
"../../../Engine/Plugins/Runtime/OpenXR/Content/Devices/OculusTouch_v3/BaseTexture.ubulk" 537
"../../../Engine/Plugins/Runtime/OpenXR/Content/Devices/OculusTouch_v3/MI_OculusTouch_v3.uasset" 538
"../../../Engine/Plugins/Runtime/OpenXR/Content/Devices/OculusTouch_v3/MI_OculusTouch_v3.uexp" 539
"../../../Engine/Plugins/Runtime/OpenXR/Content/Devices/OculusTouch_v3/Left/left_OculusTouch_v3Controller.uasset" 540
"../../../Engine/Plugins/Runtime/OpenXR/Content/Devices/OculusTouch_v3/Left/left_OculusTouch_v3Controller.uexp" 541
"../../../Engine/Plugins/Runtime/OpenXR/Content/Devices/OculusTouch_v3/Right/right_OculusTouch_v3Controller.uasset" 542
"../../../Engine/Plugins/Runtime/OpenXR/Content/Devices/OculusTouch_v3/Right/right_OculusTouch_v3Controller.uexp" 543
"../../../Engine/Plugins/Runtime/OpenXR/Content/Devices/ValveIndex/MRTexture.uasset" 544
"../../../Engine/Plugins/Runtime/OpenXR/Content/Devices/ValveIndex/MRTexture.uexp" 545
"../../../Engine/Plugins/Runtime/OpenXR/Content/Devices/ValveIndex/MRTexture.ubulk" 546
"../../../Engine/Plugins/Runtime/OpenXR/Content/Devices/ValveIndex/BaseTexture.uasset" 547
"../../../Engine/Plugins/Runtime/OpenXR/Content/Devices/ValveIndex/BaseTexture.uexp" 548
"../../../Engine/Plugins/Runtime/OpenXR/Content/Devices/ValveIndex/BaseTexture.ubulk" 549
"../../../Engine/Plugins/Runtime/OpenXR/Content/Devices/ValveIndex/Left/MI_left_ValveIndex.uasset" 550
"../../../Engine/Plugins/Runtime/OpenXR/Content/Devices/ValveIndex/Left/MI_left_ValveIndex.uexp" 551
"../../../Engine/Plugins/Runtime/OpenXR/Content/Devices/ValveIndex/Left/left_ValveIndexController.uasset" 552
"../../../Engine/Plugins/Runtime/OpenXR/Content/Devices/ValveIndex/Left/left_ValveIndexController.uexp" 553
"../../../Engine/Plugins/Runtime/OpenXR/Content/Devices/ValveIndex/Right/MI_right_ValveIndex.uasset" 554
"../../../Engine/Plugins/Runtime/OpenXR/Content/Devices/ValveIndex/Right/MI_right_ValveIndex.uexp" 555
"../../../Engine/Plugins/Runtime/OpenXR/Content/Devices/ValveIndex/Right/right_ValveIndexController.uasset" 556
"../../../Engine/Plugins/Runtime/OpenXR/Content/Devices/ValveIndex/Right/right_ValveIndexController.uexp" 557
"../../../Engine/Content/Functions/Engine_MaterialFunctions02/Utility/BreakOutFloat4Components.uasset" 558
"../../../Engine/Content/Functions/Engine_MaterialFunctions02/Utility/BreakOutFloat4Components.uexp" 559
"../../../Engine/Content/Functions/Engine_MaterialFunctions02/Utility/MakeFloat3.uasset" 560
"../../../Engine/Content/Functions/Engine_MaterialFunctions02/Utility/MakeFloat3.uexp" 561
"../../../Engine/Plugins/Runtime/Oculus/OculusVR/Content/Materials/OculusMR_ChromaKey.uasset" 562
"../../../Engine/Plugins/Runtime/Oculus/OculusVR/Content/Materials/OculusMR_ChromaKey.uexp" 563
"../../../Engine/Plugins/Runtime/Oculus/OculusVR/Content/Materials/OculusMR_OpaqueColoredMaterial.uasset" 564
"../../../Engine/Plugins/Runtime/Oculus/OculusVR/Content/Materials/OculusMR_OpaqueColoredMaterial.uexp" 565
"../../../Engine/Plugins/Runtime/Oculus/OculusVR/Content/Materials/PokeAHoleMaterial.uasset" 566
"../../../Engine/Plugins/Runtime/Oculus/OculusVR/Content/Materials/PokeAHoleMaterial.uexp" 567
"../../../Engine/Plugins/Runtime/Oculus/OculusVR/Content/Textures/touchController_controlmap.uasset" 568
"../../../Engine/Plugins/Runtime/Oculus/OculusVR/Content/Textures/touchController_controlmap.uexp" 569
"../../../Engine/Plugins/Runtime/Oculus/OculusVR/Content/Textures/touchController_controlmap.ubulk" 570
"../../../Engine/Plugins/Runtime/Oculus/OculusVR/Content/Textures/touchController_albedo.uasset" 571
"../../../Engine/Plugins/Runtime/Oculus/OculusVR/Content/Textures/touchController_albedo.uexp" 572
"../../../Engine/Plugins/Runtime/Oculus/OculusVR/Content/Textures/touchController_albedo.ubulk" 573
"../../../Engine/Plugins/Runtime/Oculus/OculusVR/Content/Materials/touchController_mat.uasset" 574
"../../../Engine/Plugins/Runtime/Oculus/OculusVR/Content/Materials/touchController_mat.uexp" 575
"../../../Engine/Plugins/Runtime/Oculus/OculusVR/Content/Meshes/LeftTouchController.uasset" 576
"../../../Engine/Plugins/Runtime/Oculus/OculusVR/Content/Meshes/LeftTouchController.uexp" 577
"../../../Engine/Plugins/Runtime/Oculus/OculusVR/Content/Textures/TouchForQuestRiftSController_albedo.uasset" 578
"../../../Engine/Plugins/Runtime/Oculus/OculusVR/Content/Textures/TouchForQuestRiftSController_albedo.uexp" 579
"../../../Engine/Plugins/Runtime/Oculus/OculusVR/Content/Textures/TouchForQuestRiftSController_albedo.ubulk" 580
"../../../Engine/Plugins/Runtime/Oculus/OculusVR/Content/Materials/TouchForQuestRiftSControllerMaterial.uasset" 581
"../../../Engine/Plugins/Runtime/Oculus/OculusVR/Content/Materials/TouchForQuestRiftSControllerMaterial.uexp" 582
"../../../Engine/Plugins/Runtime/Oculus/OculusVR/Content/Meshes/LeftTouchForQuestRiftSController.uasset" 583
"../../../Engine/Plugins/Runtime/Oculus/OculusVR/Content/Meshes/LeftTouchForQuestRiftSController.uexp" 584
"../../../Engine/Plugins/Runtime/Oculus/OculusVR/Content/Meshes/RiftHMD.uasset" 585
"../../../Engine/Plugins/Runtime/Oculus/OculusVR/Content/Meshes/RiftHMD.uexp" 586
"../../../Engine/Plugins/Runtime/Oculus/OculusVR/Content/Meshes/RightTouchController.uasset" 587
"../../../Engine/Plugins/Runtime/Oculus/OculusVR/Content/Meshes/RightTouchController.uexp" 588
"../../../Engine/Plugins/Runtime/Oculus/OculusVR/Content/Meshes/RightTouchForQuestRiftSController.uasset" 589
"../../../Engine/Plugins/Runtime/Oculus/OculusVR/Content/Meshes/RightTouchForQuestRiftSController.uexp" 590
"F:/Unreal_Project/PuzzlePlatforms/Content/MenuSystem/MainMenu_BuiltData.uasset" 591
"F:/Unreal_Project/PuzzlePlatforms/Content/MenuSystem/MainMenu_BuiltData.uexp" 592
"F:/Unreal_Project/PuzzlePlatforms/Content/MenuSystem/MainMenu.uexp" 593
"F:/Unreal_Project/PuzzlePlatforms/Content/MenuSystem/MainMenu.umap" 594
"../../../Engine/Content/EngineSky/T_Sky_Stars.uasset" 595
"../../../Engine/Content/EngineSky/T_Sky_Stars.uexp" 596
"../../../Engine/Content/EngineSky/T_Sky_Stars.ubulk" 597
"../../../Engine/Content/EngineSky/T_Sky_Clouds_M.uasset" 598
"../../../Engine/Content/EngineSky/T_Sky_Clouds_M.uexp" 599
"../../../Engine/Content/EngineSky/T_Sky_Clouds_M.ubulk" 600
"../../../Engine/Content/EngineSky/T_Sky_Blue.uasset" 601
"../../../Engine/Content/EngineSky/T_Sky_Blue.uexp" 602
"../../../Engine/Content/EngineSky/T_Sky_Blue.ubulk" 603
"../../../Engine/Content/EngineSky/M_Sky_Panning_Clouds2.uasset" 604
"../../../Engine/Content/EngineSky/M_Sky_Panning_Clouds2.uexp" 605
"../../../Engine/Content/EngineSky/SM_SkySphere.uasset" 606
"../../../Engine/Content/EngineSky/SM_SkySphere.uexp" 607
"../../../Engine/Content/EngineSky/C_Sky_Zenith_Color.uasset" 608
"../../../Engine/Content/EngineSky/C_Sky_Zenith_Color.uexp" 609
"../../../Engine/Content/EngineSky/C_Sky_Horizon_Color.uasset" 610
"../../../Engine/Content/EngineSky/C_Sky_Horizon_Color.uexp" 611
"../../../Engine/Content/EngineSky/C_Sky_Cloud_Color.uasset" 612
"../../../Engine/Content/EngineSky/C_Sky_Cloud_Color.uexp" 613
"../../../Engine/Content/EditorBlueprintResources/StandardMacros.uasset" 614
"../../../Engine/Content/EditorBlueprintResources/StandardMacros.uexp" 615
"../../../Engine/Content/EngineSky/BP_Sky_Sphere.uasset" 616
"../../../Engine/Content/EngineSky/BP_Sky_Sphere.uexp" 617
"F:/Unreal_Project/PuzzlePlatforms/Content/Mannequin/Character/Mesh/SK_Mannequin_PhysicsAsset.uasset" 618
"F:/Unreal_Project/PuzzlePlatforms/Content/Mannequin/Character/Mesh/SK_Mannequin_PhysicsAsset.uexp" 619
"F:/Unreal_Project/PuzzlePlatforms/Content/Mannequin/Character/Mesh/SK_Mannequin.uasset" 620
"F:/Unreal_Project/PuzzlePlatforms/Content/Mannequin/Character/Mesh/SK_Mannequin.uexp" 621
"F:/Unreal_Project/PuzzlePlatforms/Content/Mannequin/Animations/ThirdPersonIdle.uasset" 622
"F:/Unreal_Project/PuzzlePlatforms/Content/Mannequin/Animations/ThirdPersonIdle.uexp" 623
"F:/Unreal_Project/PuzzlePlatforms/Content/Mannequin/Animations/ThirdPersonRun.uasset" 624
"F:/Unreal_Project/PuzzlePlatforms/Content/Mannequin/Animations/ThirdPersonRun.uexp" 625
"F:/Unreal_Project/PuzzlePlatforms/Content/Mannequin/Animations/ThirdPersonWalk.uasset" 626
"F:/Unreal_Project/PuzzlePlatforms/Content/Mannequin/Animations/ThirdPersonWalk.uexp" 627
"F:/Unreal_Project/PuzzlePlatforms/Content/Mannequin/Animations/ThirdPerson_IdleRun_2D.uasset" 628
"F:/Unreal_Project/PuzzlePlatforms/Content/Mannequin/Animations/ThirdPerson_IdleRun_2D.uexp" 629
"F:/Unreal_Project/PuzzlePlatforms/Content/Mannequin/Animations/ThirdPerson_Jump.uasset" 630
"F:/Unreal_Project/PuzzlePlatforms/Content/Mannequin/Animations/ThirdPerson_Jump.uexp" 631
"F:/Unreal_Project/PuzzlePlatforms/Content/Mannequin/Animations/ThirdPersonJump_Loop.uasset" 632
"F:/Unreal_Project/PuzzlePlatforms/Content/Mannequin/Animations/ThirdPersonJump_Loop.uexp" 633
"F:/Unreal_Project/PuzzlePlatforms/Content/Mannequin/Animations/ThirdPersonJump_Start.uasset" 634
"F:/Unreal_Project/PuzzlePlatforms/Content/Mannequin/Animations/ThirdPersonJump_Start.uexp" 635
"F:/Unreal_Project/PuzzlePlatforms/Content/Mannequin/Animations/ThirdPerson_AnimBP.uasset" 636
"F:/Unreal_Project/PuzzlePlatforms/Content/Mannequin/Animations/ThirdPerson_AnimBP.uexp" 637
"F:/Unreal_Project/PuzzlePlatforms/Content/ThirdPersonCPP/Blueprints/ThirdPersonCharacter.uasset" 638
"F:/Unreal_Project/PuzzlePlatforms/Content/ThirdPersonCPP/Blueprints/ThirdPersonCharacter.uexp" 639
"F:/Unreal_Project/PuzzlePlatforms/Content/ThirdPerson/Meshes/RampMaterial.uasset" 640
"F:/Unreal_Project/PuzzlePlatforms/Content/ThirdPerson/Meshes/RampMaterial.uexp" 641
"F:/Unreal_Project/PuzzlePlatforms/Content/ThirdPerson/Meshes/RightArm_StaticMesh.uasset" 642
"F:/Unreal_Project/PuzzlePlatforms/Content/ThirdPerson/Meshes/RightArm_StaticMesh.uexp" 643
"F:/Unreal_Project/PuzzlePlatforms/Content/ThirdPerson/Meshes/Ramp_StaticMesh.uasset" 644
"F:/Unreal_Project/PuzzlePlatforms/Content/ThirdPerson/Meshes/Ramp_StaticMesh.uexp" 645
"F:/Unreal_Project/PuzzlePlatforms/Content/ThirdPerson/Meshes/Linear_Stair_StaticMesh.uasset" 646
"F:/Unreal_Project/PuzzlePlatforms/Content/ThirdPerson/Meshes/Linear_Stair_StaticMesh.uexp" 647
"F:/Unreal_Project/PuzzlePlatforms/Content/ThirdPerson/Meshes/LeftArm_StaticMesh.uasset" 648
"F:/Unreal_Project/PuzzlePlatforms/Content/ThirdPerson/Meshes/LeftArm_StaticMesh.uexp" 649
"F:/Unreal_Project/PuzzlePlatforms/Content/ThirdPerson/Meshes/Bump_StaticMesh.uasset" 650
"F:/Unreal_Project/PuzzlePlatforms/Content/ThirdPerson/Meshes/Bump_StaticMesh.uexp" 651
"F:/Unreal_Project/PuzzlePlatforms/Content/Geometry/Meshes/CubeMaterial.uasset" 652
"F:/Unreal_Project/PuzzlePlatforms/Content/Geometry/Meshes/CubeMaterial.uexp" 653
"F:/Unreal_Project/PuzzlePlatforms/Content/Geometry/Meshes/1M_Cube.uasset" 654
"F:/Unreal_Project/PuzzlePlatforms/Content/Geometry/Meshes/1M_Cube.uexp" 655
"F:/Unreal_Project/PuzzlePlatforms/Content/Geometry/Meshes/1M_Cube_Chamfer.uasset" 656
"F:/Unreal_Project/PuzzlePlatforms/Content/Geometry/Meshes/1M_Cube_Chamfer.uexp" 657
"F:/Unreal_Project/PuzzlePlatforms/Content/Geometry/Meshes/TemplateFloor.uasset" 658
"F:/Unreal_Project/PuzzlePlatforms/Content/Geometry/Meshes/TemplateFloor.uexp" 659
"F:/Unreal_Project/PuzzlePlatforms/Content/ThirdPersonCPP/Maps/Game.uexp" 660
"F:/Unreal_Project/PuzzlePlatforms/Content/ThirdPersonCPP/Maps/Game.umap" 661
"F:/Unreal_Project/PuzzlePlatforms/Content/ThirdPersonCPP/Maps/Lobby.uexp" 662
"F:/Unreal_Project/PuzzlePlatforms/Content/ThirdPersonCPP/Maps/Lobby.umap" 663
"F:/Unreal_Project/PuzzlePlatforms/Content/ThirdPersonCPP/Maps/WBP_Loading.uasset" 664
"F:/Unreal_Project/PuzzlePlatforms/Content/ThirdPersonCPP/Maps/WBP_Loading.uexp" 665
"F:/Unreal_Project/PuzzlePlatforms/Content/ThirdPersonCPP/Maps/Transition.uexp" 666
"F:/Unreal_Project/PuzzlePlatforms/Content/ThirdPersonCPP/Maps/Transition.umap" 667
